nohup: ignoring input
#0 building with "default" instance using docker driver

#1 [internal] load build definition from Dockerfile
#1 transferring dockerfile: 1.05kB done
#1 DONE 0.0s

#2 [internal] load metadata for docker.io/library/alpine:3.13.2
#2 DONE 0.8s

#3 [internal] load .dockerignore
#3 transferring context: 268B done
#3 DONE 0.0s

#4 [builder 1/6] FROM docker.io/library/alpine:3.13.2@sha256:a75afd8b57e7f34e4dad8d65e2c7ba2e1975c795ce1ee22fa34f8cf46f96a3be
#4 DONE 0.0s

#5 [internal] load build context
#5 transferring context: 716.57kB 0.1s done
#5 DONE 0.1s

#6 [builder 2/6] RUN apk add --no-cache   build-base   cargo   cmake   eudev-dev   linux-headers   perl   rust   git
#6 CACHED

#7 [builder 3/6] WORKDIR /openethereum
#7 CACHED

#8 [builder 4/6] COPY . /openethereum
#8 DONE 0.4s

#9 [builder 5/6] RUN cargo build --release --features final --target x86_64-alpine-linux-musl --verbose
#9 0.648     Updating crates.io index
